Build started 1/20/2017 9:11:50 PM.
     1>Project "E:\ASU\Udemy\Advanced C++\Basic\ParticalEffect\ParticalEffect\ParticalEffect.vcxproj" on node 2 (Build target(s)).
     1>ClCompile:
         D:\Program Files (x86)\Microsoft Visual Studio 14.0\VC\bin\CL.exe /c /ZI /nologo /W3 /WX- /sdl /Od /Oy- /D _MBCS /Gm /EHsc /RTC1 /MDd /GS /fp:precise /Zc:wchar_t /Zc:forScope /Zc:inline /Fo"Debug\\" /Fd"Debug\vc140.pdb" /Gd /TP /analyze- /errorReport:prompt main.cpp
         main.cpp
       Link:
         D:\Program Files (x86)\Microsoft Visual Studio 14.0\VC\bin\link.exe /ERRORREPORT:PROMPT /OUT:"E:\ASU\Udemy\Advanced C++\Basic\ParticalEffect\Debug\ParticalEffect.exe" /INCREMENTAL /NOLOGO /LIBPATH:"E:\ASU\Udemy\Advanced C++\Basic\ParticalEffect\lib" SDL2.lib SDL2main.lib kernel32.lib user32.lib gdi32.lib winspool.lib comdlg32.lib advapi32.lib shell32.lib ole32.lib oleaut32.lib uuid.lib odbc32.lib odbccp32.lib /MANIFEST /MANIFESTUAC:"level='asInvoker' uiAccess='false'" /manifest:embed /Debug /PDB:"E:\ASU\Udemy\Advanced C++\Basic\ParticalEffect\Debug\ParticalEffect.pdb" /SUBSYSTEM:WINDOWS /TLBID:1 /DYNAMICBASE /NXCOMPAT /IMPLIB:"E:\ASU\Udemy\Advanced C++\Basic\ParticalEffect\Debug\ParticalEffect.lib" /MACHINE:X86 Debug\main.obj
     1>main.obj : error LNK2019: unresolved external symbol _SDL_Init referenced in function _SDL_main
     1>main.obj : error LNK2019: unresolved external symbol _SDL_Quit referenced in function _SDL_main
     1>MSVCRTD.lib(exe_winmain.obj) : error LNK2019: unresolved external symbol _WinMain@16 referenced in function "int __cdecl invoke_main(void)" (?invoke_main@@YAHXZ)
     1>E:\ASU\Udemy\Advanced C++\Basic\ParticalEffect\lib\SDL2.lib : warning LNK4272: library machine type 'x64' conflicts with target machine type 'X86'
     1>E:\ASU\Udemy\Advanced C++\Basic\ParticalEffect\lib\SDL2main.lib : warning LNK4272: library machine type 'x64' conflicts with target machine type 'X86'
     1>E:\ASU\Udemy\Advanced C++\Basic\ParticalEffect\Debug\ParticalEffect.exe : fatal error LNK1120: 3 unresolved externals
     1>Done Building Project "E:\ASU\Udemy\Advanced C++\Basic\ParticalEffect\ParticalEffect\ParticalEffect.vcxproj" (Build target(s)) -- FAILED.

Build FAILED.

Time Elapsed 00:00:01.20
